Traceback (most recent call last):
  File "/opt/hostedtoolcache/Python/3.9.19/x64/lib/python3.9/site-packages/jupyter_cache/executors/utils.py", line 58, in single_nb_execution
    executenb(
  File "/opt/hostedtoolcache/Python/3.9.19/x64/lib/python3.9/site-packages/nbclient/client.py", line 1314, in execute
    return NotebookClient(nb=nb, resources=resources, km=km, **kwargs).execute()
  File "/opt/hostedtoolcache/Python/3.9.19/x64/lib/python3.9/site-packages/jupyter_core/utils/__init__.py", line 165, in wrapped
    return loop.run_until_complete(inner)
  File "/opt/hostedtoolcache/Python/3.9.19/x64/lib/python3.9/asyncio/base_events.py", line 647, in run_until_complete
    return future.result()
  File "/opt/hostedtoolcache/Python/3.9.19/x64/lib/python3.9/site-packages/nbclient/client.py", line 709, in async_execute
    await self.async_execute_cell(
  File "/opt/hostedtoolcache/Python/3.9.19/x64/lib/python3.9/site-packages/nbclient/client.py", line 1062, in async_execute_cell
    await self._check_raise_for_error(cell, cell_index, exec_reply)
  File "/opt/hostedtoolcache/Python/3.9.19/x64/lib/python3.9/site-packages/nbclient/client.py", line 918, in _check_raise_for_error
    raise CellExecutionError.from_cell_and_msg(cell, exec_reply_content)
nbclient.exceptions.CellExecutionError: An error occurred while executing the following cell:
------------------
from pathlib import Path
import yaml
import datapane as dp
import pandas as pd

software_attr_dir = Path("..", "..", "software_attributes")
model_list_inputs = yaml.safe_load( open(software_attr_dir / "database_list.yaml", "r") )
models = model_list_inputs["active"]

model_attributes_map = {
    model: yaml.safe_load( open(Path("..", "..", "software_attributes", "database", f"{model}.yaml"), "r") )
    for model in models
}

df = pd.DataFrame.from_dict(model_attributes_map, orient="index")
# print(list(df.columns))
# print(df)
------------------


[0;31m---------------------------------------------------------------------------[0m
[0;31mValueError[0m                                Traceback (most recent call last)
Cell [0;32mIn[1], line 3[0m
[1;32m      1[0m [38;5;28;01mfrom[39;00m [38;5;21;01mpathlib[39;00m [38;5;28;01mimport[39;00m Path
[1;32m      2[0m [38;5;28;01mimport[39;00m [38;5;21;01myaml[39;00m
[0;32m----> 3[0m [38;5;28;01mimport[39;00m [38;5;21;01mdatapane[39;00m [38;5;28;01mas[39;00m [38;5;21;01mdp[39;00m
[1;32m      4[0m [38;5;28;01mimport[39;00m [38;5;21;01mpandas[39;00m [38;5;28;01mas[39;00m [38;5;21;01mpd[39;00m
[1;32m      6[0m software_attr_dir [38;5;241m=[39m Path([38;5;124m"[39m[38;5;124m..[39m[38;5;124m"[39m, [38;5;124m"[39m[38;5;124m..[39m[38;5;124m"[39m, [38;5;124m"[39m[38;5;124msoftware_attributes[39m[38;5;124m"[39m)

File [0;32m/opt/hostedtoolcache/Python/3.9.19/x64/lib/python3.9/site-packages/datapane/__init__.py:21[0m
[1;32m     17[0m __version__ [38;5;241m=[39m [38;5;124m"[39m[38;5;124m0.17.0[39m[38;5;124m"[39m
[1;32m     20[0m [38;5;66;03m# Public API re-exports[39;00m
[0;32m---> 21[0m [38;5;28;01mfrom[39;00m [38;5;21;01m.[39;00m[38;5;21;01mclient[39;00m [38;5;28;01mimport[39;00m (  [38;5;66;03m# isort:skip  otherwise circular import issue[39;00m
[1;32m     22[0m     IN_PYTEST,
[1;32m     23[0m     DPClientError,
[1;32m     24[0m     DPMode,
[1;32m     25[0m     enable_logging,
[1;32m     26[0m     print_debug_info,
[1;32m     27[0m     get_dp_mode,
[1;32m     28[0m     set_dp_mode,
[1;32m     29[0m )  [38;5;66;03m# isort:skip  otherwise circular import issue[39;00m
[1;32m     31[0m [38;5;28;01mfrom[39;00m [38;5;21;01m.[39;00m[38;5;21;01mblocks[39;00m [38;5;28;01mimport[39;00m (
[1;32m     32[0m     HTML,
[1;32m     33[0m     Attachment,
[0;32m   (...)[0m
[1;32m     51[0m     wrap_block,
[1;32m     52[0m )
[1;32m     53[0m [38;5;28;01mfrom[39;00m [38;5;21;01m.[39;00m[38;5;21;01mprocessors[39;00m [38;5;28;01mimport[39;00m (
[1;32m     54[0m     FontChoice,
[1;32m     55[0m     Formatting,
[0;32m   (...)[0m
[1;32m     61[0m     upload_report,
[1;32m     62[0m )

File [0;32m/opt/hostedtoolcache/Python/3.9.19/x64/lib/python3.9/site-packages/datapane/client/__init__.py:4[0m
[1;32m      1[0m [38;5;66;03m# Copyright 2020 StackHut Limited (trading as Datapane)[39;00m
[1;32m      2[0m [38;5;66;03m# SPDX-License-Identifier: Apache-2.0[39;00m
[1;32m      3[0m [38;5;66;03m# flake8: noqa:F401[39;00m
[0;32m----> 4[0m [38;5;28;01mfrom[39;00m [38;5;21;01m.[39;00m[38;5;21;01mexceptions[39;00m [38;5;28;01mimport[39;00m DPClientError
[1;32m      5[0m [38;5;28;01mfrom[39;00m [38;5;21;01m.[39;00m[38;5;21;01mutils[39;00m [38;5;28;01mimport[39;00m IN_PYTEST, DPMode, display_msg, enable_logging, get_dp_mode, log, print_debug_info, set_dp_mode
[1;32m      7[0m [38;5;66;03m# from .config import init  # isort:skip  otherwise circular import issue[39;00m

File [0;32m/opt/hostedtoolcache/Python/3.9.19/x64/lib/python3.9/site-packages/datapane/client/exceptions.py:1[0m
[0;32m----> 1[0m [38;5;28;01mfrom[39;00m [38;5;21;01mdatapane[39;00m[38;5;21;01m.[39;00m[38;5;21;01mcommon[39;00m [38;5;28;01mimport[39;00m DPError
[1;32m      4[0m [38;5;28;01mdef[39;00m [38;5;21madd_help_text[39m(x: [38;5;28mstr[39m) [38;5;241m-[39m[38;5;241m>[39m [38;5;28mstr[39m:
[1;32m      5[0m     [38;5;28;01mreturn[39;00m [38;5;124mf[39m[38;5;124m"[39m[38;5;132;01m{[39;00mx[38;5;132;01m}[39;00m[38;5;130;01m\n[39;00m[38;5;124mPlease run with `dp.enable_logging()`, restart your Jupyter kernel/Python instance, and/or visit https://www.github.com/datapane/datapane[39m[38;5;124m"[39m

File [0;32m/opt/hostedtoolcache/Python/3.9.19/x64/lib/python3.9/site-packages/datapane/common/__init__.py:8[0m
[1;32m      1[0m [38;5;124;03m"""[39;00m
[1;32m      2[0m [38;5;124;03mShared code used by client and dp-server[39;00m
[1;32m      3[0m [38;5;124;03mNOTE - this module should not depend on any client or server specific code and is imported first[39;00m
[1;32m      4[0m [38;5;124;03m"""[39;00m
[1;32m      5[0m [38;5;66;03m# Copyright 2020 StackHut Limited (trading as Datapane)[39;00m
[1;32m      6[0m [38;5;66;03m# SPDX-License-Identifier: Apache-2.0[39;00m
[1;32m      7[0m [38;5;66;03m# flake8: noqa:F401[39;00m
[0;32m----> 8[0m [38;5;28;01mfrom[39;00m [38;5;21;01m.[39;00m[38;5;21;01mdatafiles[39;00m [38;5;28;01mimport[39;00m ArrowFormat
[1;32m      9[0m [38;5;28;01mfrom[39;00m [38;5;21;01m.[39;00m[38;5;21;01mdp_types[39;00m [38;5;28;01mimport[39;00m (
[1;32m     10[0m     ARROW_EXT,
[1;32m     11[0m     ARROW_MIMETYPE,
[0;32m   (...)[0m
[1;32m     31[0m     log,
[1;32m     32[0m )
[1;32m     33[0m [38;5;28;01mfrom[39;00m [38;5;21;01m.[39;00m[38;5;21;01mops_utils[39;00m [38;5;28;01mimport[39;00m pushd, timestamp

File [0;32m/opt/hostedtoolcache/Python/3.9.19/x64/lib/python3.9/site-packages/datapane/common/datafiles.py:6[0m
[1;32m      3[0m [38;5;28;01mimport[39;00m [38;5;21;01menum[39;00m
[1;32m      4[0m [38;5;28;01mfrom[39;00m [38;5;21;01mtyping[39;00m [38;5;28;01mimport[39;00m IO, Dict, Type, Union
[0;32m----> 6[0m [38;5;28;01mimport[39;00m [38;5;21;01mpandas[39;00m [38;5;28;01mas[39;00m [38;5;21;01mpd[39;00m
[1;32m      7[0m [38;5;28;01mimport[39;00m [38;5;21;01mpyarrow[39;00m [38;5;28;01mas[39;00m [38;5;21;01mpa[39;00m
[1;32m      8[0m [38;5;28;01mfrom[39;00m [38;5;21;01mpandas[39;00m[38;5;21;01m.[39;00m[38;5;21;01merrors[39;00m [38;5;28;01mimport[39;00m ParserError

File [0;32m/opt/hostedtoolcache/Python/3.9.19/x64/lib/python3.9/site-packages/pandas/__init__.py:22[0m
[1;32m     19[0m [38;5;28;01mdel[39;00m _hard_dependencies, _dependency, _missing_dependencies
[1;32m     21[0m [38;5;66;03m# numpy compat[39;00m
[0;32m---> 22[0m [38;5;28;01mfrom[39;00m [38;5;21;01mpandas[39;00m[38;5;21;01m.[39;00m[38;5;21;01mcompat[39;00m [38;5;28;01mimport[39;00m is_numpy_dev [38;5;28;01mas[39;00m _is_numpy_dev  [38;5;66;03m# pyright: ignore # noqa:F401[39;00m
[1;32m     24[0m [38;5;28;01mtry[39;00m:
[1;32m     25[0m     [38;5;28;01mfrom[39;00m [38;5;21;01mpandas[39;00m[38;5;21;01m.[39;00m[38;5;21;01m_libs[39;00m [38;5;28;01mimport[39;00m hashtable [38;5;28;01mas[39;00m _hashtable, lib [38;5;28;01mas[39;00m _lib, tslib [38;5;28;01mas[39;00m _tslib

File [0;32m/opt/hostedtoolcache/Python/3.9.19/x64/lib/python3.9/site-packages/pandas/compat/__init__.py:18[0m
[1;32m     15[0m [38;5;28;01mfrom[39;00m [38;5;21;01mtyping[39;00m [38;5;28;01mimport[39;00m TYPE_CHECKING
[1;32m     17[0m [38;5;28;01mfrom[39;00m [38;5;21;01mpandas[39;00m[38;5;21;01m.[39;00m[38;5;21;01m_typing[39;00m [38;5;28;01mimport[39;00m F
[0;32m---> 18[0m [38;5;28;01mfrom[39;00m [38;5;21;01mpandas[39;00m[38;5;21;01m.[39;00m[38;5;21;01mcompat[39;00m[38;5;21;01m.[39;00m[38;5;21;01mnumpy[39;00m [38;5;28;01mimport[39;00m (
[1;32m     19[0m     is_numpy_dev,
[1;32m     20[0m     np_version_under1p21,
[1;32m     21[0m )
[1;32m     22[0m [38;5;28;01mfrom[39;00m [38;5;21;01mpandas[39;00m[38;5;21;01m.[39;00m[38;5;21;01mcompat[39;00m[38;5;21;01m.[39;00m[38;5;21;01mpyarrow[39;00m [38;5;28;01mimport[39;00m (
[1;32m     23[0m     pa_version_under1p01,
[1;32m     24[0m     pa_version_under2p0,
[0;32m   (...)[0m
[1;32m     31[0m     pa_version_under9p0,
[1;32m     32[0m )
[1;32m     34[0m [38;5;28;01mif[39;00m TYPE_CHECKING:

File [0;32m/opt/hostedtoolcache/Python/3.9.19/x64/lib/python3.9/site-packages/pandas/compat/numpy/__init__.py:4[0m
[1;32m      1[0m [38;5;124;03m""" support numpy compatibility across versions """[39;00m
[1;32m      2[0m [38;5;28;01mimport[39;00m [38;5;21;01mnumpy[39;00m [38;5;28;01mas[39;00m [38;5;21;01mnp[39;00m
[0;32m----> 4[0m [38;5;28;01mfrom[39;00m [38;5;21;01mpandas[39;00m[38;5;21;01m.[39;00m[38;5;21;01mutil[39;00m[38;5;21;01m.[39;00m[38;5;21;01mversion[39;00m [38;5;28;01mimport[39;00m Version
[1;32m      6[0m [38;5;66;03m# numpy versioning[39;00m
[1;32m      7[0m _np_version [38;5;241m=[39m np[38;5;241m.[39m__version__

File [0;32m/opt/hostedtoolcache/Python/3.9.19/x64/lib/python3.9/site-packages/pandas/util/__init__.py:2[0m
[1;32m      1[0m [38;5;66;03m# pyright: reportUnusedImport = false[39;00m
[0;32m----> 2[0m [38;5;28;01mfrom[39;00m [38;5;21;01mpandas[39;00m[38;5;21;01m.[39;00m[38;5;21;01mutil[39;00m[38;5;21;01m.[39;00m[38;5;21;01m_decorators[39;00m [38;5;28;01mimport[39;00m (  [38;5;66;03m# noqa:F401[39;00m
[1;32m      3[0m     Appender,
[1;32m      4[0m     Substitution,
[1;32m      5[0m     cache_readonly,
[1;32m      6[0m )
[1;32m      8[0m [38;5;28;01mfrom[39;00m [38;5;21;01mpandas[39;00m[38;5;21;01m.[39;00m[38;5;21;01mcore[39;00m[38;5;21;01m.[39;00m[38;5;21;01mutil[39;00m[38;5;21;01m.[39;00m[38;5;21;01mhashing[39;00m [38;5;28;01mimport[39;00m (  [38;5;66;03m# noqa:F401[39;00m
[1;32m      9[0m     hash_array,
[1;32m     10[0m     hash_pandas_object,
[1;32m     11[0m )
[1;32m     14[0m [38;5;28;01mdef[39;00m [38;5;21m__getattr__[39m(name):

File [0;32m/opt/hostedtoolcache/Python/3.9.19/x64/lib/python3.9/site-packages/pandas/util/_decorators.py:14[0m
[1;32m      6[0m [38;5;28;01mfrom[39;00m [38;5;21;01mtyping[39;00m [38;5;28;01mimport[39;00m (
[1;32m      7[0m     Any,
[1;32m      8[0m     Callable,
[1;32m      9[0m     Mapping,
[1;32m     10[0m     cast,
[1;32m     11[0m )
[1;32m     12[0m [38;5;28;01mimport[39;00m [38;5;21;01mwarnings[39;00m
[0;32m---> 14[0m [38;5;28;01mfrom[39;00m [38;5;21;01mpandas[39;00m[38;5;21;01m.[39;00m[38;5;21;01m_libs[39;00m[38;5;21;01m.[39;00m[38;5;21;01mproperties[39;00m [38;5;28;01mimport[39;00m cache_readonly
[1;32m     15[0m [38;5;28;01mfrom[39;00m [38;5;21;01mpandas[39;00m[38;5;21;01m.[39;00m[38;5;21;01m_typing[39;00m [38;5;28;01mimport[39;00m (
[1;32m     16[0m     F,
[1;32m     17[0m     T,
[1;32m     18[0m )
[1;32m     19[0m [38;5;28;01mfrom[39;00m [38;5;21;01mpandas[39;00m[38;5;21;01m.[39;00m[38;5;21;01mutil[39;00m[38;5;21;01m.[39;00m[38;5;21;01m_exceptions[39;00m [38;5;28;01mimport[39;00m find_stack_level

File [0;32m/opt/hostedtoolcache/Python/3.9.19/x64/lib/python3.9/site-packages/pandas/_libs/__init__.py:13[0m
[1;32m      1[0m __all__ [38;5;241m=[39m [
[1;32m      2[0m     [38;5;124m"[39m[38;5;124mNaT[39m[38;5;124m"[39m,
[1;32m      3[0m     [38;5;124m"[39m[38;5;124mNaTType[39m[38;5;124m"[39m,
[0;32m   (...)[0m
[1;32m      9[0m     [38;5;124m"[39m[38;5;124mInterval[39m[38;5;124m"[39m,
[1;32m     10[0m ]
[0;32m---> 13[0m [38;5;28;01mfrom[39;00m [38;5;21;01mpandas[39;00m[38;5;21;01m.[39;00m[38;5;21;01m_libs[39;00m[38;5;21;01m.[39;00m[38;5;21;01minterval[39;00m [38;5;28;01mimport[39;00m Interval
[1;32m     14[0m [38;5;28;01mfrom[39;00m [38;5;21;01mpandas[39;00m[38;5;21;01m.[39;00m[38;5;21;01m_libs[39;00m[38;5;21;01m.[39;00m[38;5;21;01mtslibs[39;00m [38;5;28;01mimport[39;00m (
[1;32m     15[0m     NaT,
[1;32m     16[0m     NaTType,
[0;32m   (...)[0m
[1;32m     21[0m     iNaT,
[1;32m     22[0m )

File [0;32m/opt/hostedtoolcache/Python/3.9.19/x64/lib/python3.9/site-packages/pandas/_libs/interval.pyx:1[0m, in [0;36minit pandas._libs.interval[0;34m()[0m

[0;31mValueError[0m: numpy.dtype size changed, may indicate binary incompatibility. Expected 96 from C header, got 88 from PyObject

